ExpandObjects: No IDD object found for: HVACTemplate:Thermostat
ExpandObjects: No IDD object found for: HVACTemplate:Zone:VAV
ExpandObjects: No IDD object found for: HVACTemplate:Zone:VAV:FanPowered
ExpandObjects: No IDD object found for: HVACTemplate:Zone:VAV:HeatAndCool
ExpandObjects: No IDD object found for: HVACTemplate:System:Unitary
ExpandObjects: No IDD object found for: HVACTemplate:System:UnitaryHeatPump:AirToAir
ExpandObjects: No IDD object found for: HVACTemplate:System:UnitarySystem
ExpandObjects: No IDD object found for: HVACTemplate:Zone:Unitary
ExpandObjects: No IDD object found for: HVACTemplate:System:VAV
ExpandObjects: No IDD object found for: HVACTemplate:System:PackagedVAV
ExpandObjects: No IDD object found for: HVACTemplate:Zone:ConstantVolume
ExpandObjects: No IDD object found for: HVACTemplate:System:ConstantVolume
ExpandObjects: No IDD object found for: HVACTemplate:Zone:VRF
ExpandObjects: No IDD object found for: HVACTemplate:System:VRF
ExpandObjects: No IDD object found for: HVACTemplate:Zone:DualDuct
ExpandObjects: No IDD object found for: HVACTemplate:System:DualDuct
ExpandObjects: No IDD object found for: HVACTemplate:Zone:FanCoil
ExpandObjects: No IDD object found for: HVACTemplate:Zone:IdealLoadsAirSystem
ExpandObjects: No IDD object found for: HVACTemplate:Zone:BaseboardHeat
ExpandObjects: No IDD object found for: HVACTemplate:Zone:PTAC
ExpandObjects: No IDD object found for: HVACTemplate:Zone:PTHP
ExpandObjects: No IDD object found for: HVACTemplate:Plant:ChilledWaterLoop
ExpandObjects: No IDD object found for: HVACTemplate:Plant:Chiller
ExpandObjects: No IDD object found for: HVACTemplate:Plant:Chiller:ObjectReference
ExpandObjects: No IDD object found for: HVACTemplate:Plant:Tower
ExpandObjects: No IDD object found for: HVACTemplate:Plant:Tower:ObjectReference
ExpandObjects: No IDD object found for: HVACTemplate:Plant:HotWaterLoop
ExpandObjects: No IDD object found for: HVACTemplate:Plant:Boiler
ExpandObjects: No IDD object found for: HVACTemplate:Plant:Boiler:ObjectReference
ExpandObjects: No IDD object found for: HVACTemplate:Zone:WaterToAirHeatPump
ExpandObjects: No IDD object found for: HVACTemplate:Plant:MixedWaterLoop
ExpandObjects: No IDD object found for: HVACTemplate:System:DedicatedOutdoorAir
